[DevicesLogs/Android_13.0_Pixel 6 Pro INFO ] 2023-02-27 09:59:40.215 BaseTest:125 - Android appUrl is: /Users/juanquiceno/IdeaProjects/AppiumTDDFramework/src/test/resources/apps/Android-MyDemoAppRN.1.3.0.build-244.apk
[DevicesLogs/Android_13.0_Pixel 6 Pro INFO ] 2023-02-27 09:59:50.736 LoginTests:43 - 
************* Start Test ******************
[DevicesLogs/Android_13.0_Pixel 6 Pro INFO ] 2023-02-27 09:59:50.737 LoginTests:44 - Test name: invalidUserName
[DevicesLogs/Android_13.0_Pixel 6 Pro INFO ] 2023-02-27 09:59:51.566 BaseTest:199 - Login with: invalidUserName
[DevicesLogs/Android_13.0_Pixel 6 Pro INFO ] 2023-02-27 09:59:52.783 BaseTest:199 - Password: 10203040
[DevicesLogs/Android_13.0_Pixel 6 Pro INFO ] 2023-02-27 09:59:53.944 BaseTest:191 - Press login button
[DevicesLogs/Android_13.0_Pixel 6 Pro INFO ] 2023-02-27 09:59:54.775 BaseTest:224 - Error text is: Provided credentials do not match any user in this service.
[DevicesLogs/Android_13.0_Pixel 6 Pro INFO ] 2023-02-27 09:59:54.779 LoginTests:66 - 
************* End Test ******************

[DevicesLogs/Android_13.0_Pixel 6 Pro INFO ] 2023-02-27 10:00:02.332 LoginTests:43 - 
************* Start Test ******************
[DevicesLogs/Android_13.0_Pixel 6 Pro INFO ] 2023-02-27 10:00:02.333 LoginTests:44 - Test name: invalidUserPassword
[DevicesLogs/Android_13.0_Pixel 6 Pro INFO ] 2023-02-27 10:00:02.967 BaseTest:199 - Login with: bob@example.com
[DevicesLogs/Android_13.0_Pixel 6 Pro INFO ] 2023-02-27 10:00:04.168 BaseTest:199 - Password: 00000
[DevicesLogs/Android_13.0_Pixel 6 Pro INFO ] 2023-02-27 10:00:05.304 BaseTest:191 - Press login button
[DevicesLogs/Android_13.0_Pixel 6 Pro INFO ] 2023-02-27 10:00:06.086 BaseTest:224 - Error text is: Provided credentials do not match any user in this service.
[DevicesLogs/Android_13.0_Pixel 6 Pro INFO ] 2023-02-27 10:00:06.087 LoginTests:66 - 
************* End Test ******************

[DevicesLogs/Android_13.0_Pixel 6 Pro INFO ] 2023-02-27 10:00:12.216 LoginTests:43 - 
************* Start Test ******************
[DevicesLogs/Android_13.0_Pixel 6 Pro INFO ] 2023-02-27 10:00:12.216 LoginTests:44 - Test name: successfullyLogin
[DevicesLogs/Android_13.0_Pixel 6 Pro INFO ] 2023-02-27 10:00:16.436 BaseTest:224 - Title page is: Products
[DevicesLogs/Android_13.0_Pixel 6 Pro INFO ] 2023-02-27 10:00:18.864 LoginTests:66 - 
************* End Test ******************

[DevicesLogs/Android_13.0_Pixel 6 Pro INFO ] 2023-02-27 10:02:22.121 BaseTest:125 - Android appUrl is: /Users/juanquiceno/IdeaProjects/AppiumTDDFramework/src/test/resources/apps/Android-MyDemoAppRN.1.3.0.build-244.apk
[DevicesLogs/Android_13.0_Pixel 6 Pro INFO ] 2023-02-27 10:02:29.914 BaseTest:191 - rrrr
[DevicesLogs/Android_13.0_Pixel 6 Pro INFO ] 2023-02-27 10:02:30.037 LoginTests:65 - 
************* End Test ******************

[DevicesLogs/Android_13.0_Pixel 6 Pro INFO ] 2023-02-27 10:02:30.269 LoginTests:65 - 
************* End Test ******************

[DevicesLogs/Android_13.0_Pixel 6 Pro INFO ] 2023-02-27 10:02:30.323 LoginTests:65 - 
************* End Test ******************

[DevicesLogs/Android_13.0_Pixel 6 Pro INFO ] 2023-02-27 10:03:38.552 BaseTest:125 - Android appUrl is: /Users/juanquiceno/IdeaProjects/AppiumTDDFramework/src/test/resources/apps/Android-MyDemoAppRN.1.3.0.build-244.apk
[DevicesLogs/Android_13.0_Pixel 6 Pro INFO ] 2023-02-27 10:04:10.427 BaseTest:191 - rrrr
[DevicesLogs/Android_13.0_Pixel 6 Pro INFO ] 2023-02-27 10:04:27.782 LoginTests:65 - 
************* End Test ******************

[DevicesLogs/Android_13.0_Pixel 6 Pro INFO ] 2023-02-27 10:04:28.106 LoginTests:65 - 
************* End Test ******************

[DevicesLogs/Android_13.0_Pixel 6 Pro INFO ] 2023-02-27 10:04:28.161 LoginTests:65 - 
************* End Test ******************

[DevicesLogs/Android_13.0_Pixel 6 Pro INFO ] 2023-02-27 10:05:03.093 BaseTest:125 - Android appUrl is: /Users/juanquiceno/IdeaProjects/AppiumTDDFramework/src/test/resources/apps/Android-MyDemoAppRN.1.3.0.build-244.apk
[DevicesLogs/Android_13.0_Pixel 6 Pro INFO ] 2023-02-27 10:05:54.466 BaseTest:191 - rrrr
[DevicesLogs/Android_13.0_Pixel 6 Pro INFO ] 2023-02-27 10:06:22.829 BaseTest:125 - Android appUrl is: /Users/juanquiceno/IdeaProjects/AppiumTDDFramework/src/test/resources/apps/Android-MyDemoAppRN.1.3.0.build-244.apk
[DevicesLogs/Android_13.0_Pixel 6 Pro INFO ] 2023-02-27 10:06:31.774 BaseTest:191 - rrrr
[DevicesLogs/Android_13.0_Pixel 6 Pro INFO ] 2023-02-27 10:06:31.879 LoginTests:66 - 
************* End Test ******************

[DevicesLogs/Android_13.0_Pixel 6 Pro INFO ] 2023-02-27 10:06:32.104 LoginTests:66 - 
************* End Test ******************

[DevicesLogs/Android_13.0_Pixel 6 Pro INFO ] 2023-02-27 10:06:32.167 LoginTests:66 - 
************* End Test ******************

[DevicesLogs/Android_13.0_Pixel 6 Pro INFO ] 2023-02-27 10:07:21.038 BaseTest:125 - Android appUrl is: /Users/juanquiceno/IdeaProjects/AppiumTDDFramework/src/test/resources/apps/Android-MyDemoAppRN.1.3.0.build-244.apk
[DevicesLogs/Android_13.0_Pixel 6 Pro INFO ] 2023-02-27 10:07:38.359 BaseTest:191 - rrrr
[DevicesLogs/Android_13.0_Pixel 6 Pro INFO ] 2023-02-27 10:07:53.050 BaseTest:125 - Android appUrl is: /Users/juanquiceno/IdeaProjects/AppiumTDDFramework/src/test/resources/apps/Android-MyDemoAppRN.1.3.0.build-244.apk
[DevicesLogs/Android_13.0_Pixel 6 Pro INFO ] 2023-02-27 10:08:17.322 BaseTest:191 - rrrr
[DevicesLogs/Android_13.0_Pixel 6 Pro INFO ] 2023-02-27 10:08:28.817 BaseTest:125 - Android appUrl is: /Users/juanquiceno/IdeaProjects/AppiumTDDFramework/src/test/resources/apps/Android-MyDemoAppRN.1.3.0.build-244.apk
[DevicesLogs/Android_13.0_Pixel 6 Pro INFO ] 2023-02-27 10:08:54.928 BaseTest:191 - rrrr
[DevicesLogs/Android_13.0_Pixel 6 Pro INFO ] 2023-02-27 10:13:54.532 BaseTest:125 - Android appUrl is: /Users/juanquiceno/IdeaProjects/AppiumTDDFramework/src/test/resources/apps/Android-MyDemoAppRN.1.3.0.build-244.apk
[DevicesLogs/Android_13.0_Pixel 6 Pro INFO ] 2023-02-27 10:14:09.972 LoginTests:42 - 
************* Start Test ******************
[DevicesLogs/Android_13.0_Pixel 6 Pro INFO ] 2023-02-27 10:14:09.972 LoginTests:43 - Test name: invalidUserName
[DevicesLogs/Android_13.0_Pixel 6 Pro INFO ] 2023-02-27 10:14:11.120 BaseTest:199 - Login with: invalidUserName
[DevicesLogs/Android_13.0_Pixel 6 Pro INFO ] 2023-02-27 10:14:12.335 BaseTest:199 - Password: 10203040
[DevicesLogs/Android_13.0_Pixel 6 Pro INFO ] 2023-02-27 10:14:13.480 BaseTest:191 - Press login button
[DevicesLogs/Android_13.0_Pixel 6 Pro INFO ] 2023-02-27 10:14:14.241 BaseTest:224 - Error text is: Provided credentials do not match any user in this service.
[DevicesLogs/Android_13.0_Pixel 6 Pro INFO ] 2023-02-27 10:14:14.244 LoginTests:65 - 
************* End Test ******************

[DevicesLogs/Android_13.0_Pixel 6 Pro INFO ] 2023-02-27 10:14:20.186 LoginTests:42 - 
************* Start Test ******************
[DevicesLogs/Android_13.0_Pixel 6 Pro INFO ] 2023-02-27 10:14:20.187 LoginTests:43 - Test name: invalidUserPassword
[DevicesLogs/Android_13.0_Pixel 6 Pro INFO ] 2023-02-27 10:14:20.871 BaseTest:199 - Login with: bob@example.com
[DevicesLogs/Android_13.0_Pixel 6 Pro INFO ] 2023-02-27 10:14:22.066 BaseTest:199 - Password: 00000
[DevicesLogs/Android_13.0_Pixel 6 Pro INFO ] 2023-02-27 10:14:23.220 BaseTest:191 - Press login button
[DevicesLogs/Android_13.0_Pixel 6 Pro INFO ] 2023-02-27 10:14:23.965 BaseTest:224 - Error text is: Provided credentials do not match any user in this service.
[DevicesLogs/Android_13.0_Pixel 6 Pro INFO ] 2023-02-27 10:14:23.966 LoginTests:65 - 
************* End Test ******************

[DevicesLogs/Android_13.0_Pixel 6 Pro INFO ] 2023-02-27 10:14:30.186 LoginTests:42 - 
************* Start Test ******************
[DevicesLogs/Android_13.0_Pixel 6 Pro INFO ] 2023-02-27 10:14:30.187 LoginTests:43 - Test name: successfullyLogin
[DevicesLogs/Android_13.0_Pixel 6 Pro INFO ] 2023-02-27 10:14:34.154 BaseTest:224 - Title page is: Products
[DevicesLogs/Android_13.0_Pixel 6 Pro INFO ] 2023-02-27 10:14:36.739 LoginTests:65 - 
************* End Test ******************

