[DevicesLogs/Android_13.0_Pixel 6 Pro INFO ] 2023-03-09 10:53:27.075 BaseTest:125 - Android appUrl is: /Users/juanquiceno/IdeaProjects/AppiumTDDFramework/src/test/resources/apps/Android-MyDemoAppRN.1.3.0.build-244.apk
[DevicesLogs/Android_13.0_Pixel 6 Pro INFO ] 2023-03-09 10:54:11.501 LoginTests:42 - 
************* Start Test ******************
[DevicesLogs/Android_13.0_Pixel 6 Pro INFO ] 2023-03-09 10:54:11.502 LoginTests:43 - Test name: invalidUserName
[DevicesLogs/Android_13.0_Pixel 6 Pro INFO ] 2023-03-09 10:54:12.448 BaseTest:199 - Login with: invalidUserName
[DevicesLogs/Android_13.0_Pixel 6 Pro INFO ] 2023-03-09 10:54:13.696 BaseTest:199 - Password: 10203040
[DevicesLogs/Android_13.0_Pixel 6 Pro INFO ] 2023-03-09 10:54:14.839 BaseTest:191 - Press login button
[DevicesLogs/Android_13.0_Pixel 6 Pro INFO ] 2023-03-09 10:54:15.732 BaseTest:224 - Error text is: Provided credentials do not match any user in this service.
[DevicesLogs/Android_13.0_Pixel 6 Pro INFO ] 2023-03-09 10:54:15.736 LoginTests:65 - 
************* End Test ******************

[DevicesLogs/Android_13.0_Pixel 6 Pro INFO ] 2023-03-09 10:54:27.820 LoginTests:42 - 
************* Start Test ******************
[DevicesLogs/Android_13.0_Pixel 6 Pro INFO ] 2023-03-09 10:54:27.820 LoginTests:43 - Test name: invalidUserPassword
[DevicesLogs/Android_13.0_Pixel 6 Pro INFO ] 2023-03-09 10:54:28.672 BaseTest:199 - Login with: bob@example.com
[DevicesLogs/Android_13.0_Pixel 6 Pro INFO ] 2023-03-09 10:54:29.908 BaseTest:199 - Password: 00000
[DevicesLogs/Android_13.0_Pixel 6 Pro INFO ] 2023-03-09 10:54:31.114 BaseTest:191 - Press login button
[DevicesLogs/Android_13.0_Pixel 6 Pro INFO ] 2023-03-09 10:54:31.950 BaseTest:224 - Error text is: Provided credentials do not match any user in this service.
[DevicesLogs/Android_13.0_Pixel 6 Pro INFO ] 2023-03-09 10:54:31.951 LoginTests:65 - 
************* End Test ******************

[DevicesLogs/Android_13.0_Pixel 6 Pro INFO ] 2023-03-09 10:54:55.936 LoginTests:42 - 
************* Start Test ******************
[DevicesLogs/Android_13.0_Pixel 6 Pro INFO ] 2023-03-09 10:54:55.937 LoginTests:43 - Test name: successfullyLogin
[DevicesLogs/Android_13.0_Pixel 6 Pro INFO ] 2023-03-09 10:55:09.152 BaseTest:224 - Title page is: Products
[DevicesLogs/Android_13.0_Pixel 6 Pro INFO ] 2023-03-09 10:55:13.466 LoginTests:65 - 
************* End Test ******************

[DevicesLogs/Android_13.0_Pixel 6 Pro INFO ] 2023-03-09 11:08:44.165 BaseTest:125 - Android appUrl is: /Users/juanquiceno/IdeaProjects/AppiumTDDFramework/src/test/resources/apps/Android-MyDemoAppRN.1.3.0.build-244.apk
[DevicesLogs/Android_13.0_Pixel 6 Pro INFO ] 2023-03-09 11:09:01.288 LoginTests:42 - 
************* Start Test ******************
[DevicesLogs/Android_13.0_Pixel 6 Pro INFO ] 2023-03-09 11:09:01.290 LoginTests:43 - Test name: invalidUserName
[DevicesLogs/Android_13.0_Pixel 6 Pro INFO ] 2023-03-09 11:09:02.087 BaseTest:199 - Login with: invalidUserName
[DevicesLogs/Android_13.0_Pixel 6 Pro INFO ] 2023-03-09 11:09:03.321 BaseTest:199 - Password: 10203040
[DevicesLogs/Android_13.0_Pixel 6 Pro INFO ] 2023-03-09 11:09:04.585 BaseTest:191 - Press login button
[DevicesLogs/Android_13.0_Pixel 6 Pro INFO ] 2023-03-09 11:09:05.405 BaseTest:224 - Error text is: Provided credentials do not match any user in this service.
[DevicesLogs/Android_13.0_Pixel 6 Pro INFO ] 2023-03-09 11:09:05.409 LoginTests:65 - 
************* End Test ******************

[DevicesLogs/Android_13.0_Pixel 6 Pro INFO ] 2023-03-09 11:09:12.297 LoginTests:42 - 
************* Start Test ******************
[DevicesLogs/Android_13.0_Pixel 6 Pro INFO ] 2023-03-09 11:09:12.297 LoginTests:43 - Test name: invalidUserPassword
[DevicesLogs/Android_13.0_Pixel 6 Pro INFO ] 2023-03-09 11:09:12.946 BaseTest:199 - Login with: bob@example.com
[DevicesLogs/Android_13.0_Pixel 6 Pro INFO ] 2023-03-09 11:09:14.160 BaseTest:199 - Password: 00000
[DevicesLogs/Android_13.0_Pixel 6 Pro INFO ] 2023-03-09 11:09:15.314 BaseTest:191 - Press login button
[DevicesLogs/Android_13.0_Pixel 6 Pro INFO ] 2023-03-09 11:09:16.066 BaseTest:224 - Error text is: Provided credentials do not match any user in this service.
[DevicesLogs/Android_13.0_Pixel 6 Pro INFO ] 2023-03-09 11:09:16.746 LoginTests:65 - 
************* End Test ******************

[DevicesLogs/Android_13.0_Pixel 6 Pro INFO ] 2023-03-09 11:09:23.084 LoginTests:42 - 
************* Start Test ******************
[DevicesLogs/Android_13.0_Pixel 6 Pro INFO ] 2023-03-09 11:09:23.085 LoginTests:43 - Test name: successfullyLogin
[DevicesLogs/Android_13.0_Pixel 6 Pro INFO ] 2023-03-09 11:09:28.124 BaseTest:224 - Title page is: Products
[DevicesLogs/Android_13.0_Pixel 6 Pro INFO ] 2023-03-09 11:09:31.149 LoginTests:65 - 
************* End Test ******************

[DevicesLogs/Android_13.0_Pixel 6 Pro INFO ] 2023-03-09 11:19:44.590 BaseTest:125 - Android appUrl is: /Users/juanquiceno/IdeaProjects/AppiumFramework/src/test/resources/apps/Android-MyDemoAppRN.1.3.0.build-244.apk
[DevicesLogs/Android_13.0_Pixel 6 Pro INFO ] 2023-03-09 11:20:37.856 BaseTest:125 - Android appUrl is: /Users/juanquiceno/IdeaProjects/AppiumFramework/src/test/resources/apps/Android-MyDemoAppRN.1.3.0.build-244.apk
[DevicesLogs/Android_13.0_Pixel 6 Pro INFO ] 2023-03-09 11:21:54.226 BaseTest:125 - Android appUrl is: /Users/juanquiceno/IdeaProjects/AppiumFramework/src/test/resources/apps/Android-MyDemoAppRN.1.3.0.build-244.apk
[DevicesLogs/Android_13.0_Pixel 6 Pro INFO ] 2023-03-09 11:22:33.750 LoginTests:42 - 
************* Start Test ******************
[DevicesLogs/Android_13.0_Pixel 6 Pro INFO ] 2023-03-09 11:22:33.750 LoginTests:43 - Test name: invalidUserName
[DevicesLogs/Android_13.0_Pixel 6 Pro INFO ] 2023-03-09 11:22:35.710 BaseTest:199 - Login with: invalidUserName
[DevicesLogs/Android_13.0_Pixel 6 Pro INFO ] 2023-03-09 11:22:37.341 BaseTest:199 - Password: 10203040
[DevicesLogs/Android_13.0_Pixel 6 Pro INFO ] 2023-03-09 11:22:38.523 BaseTest:191 - Press login button
[DevicesLogs/Android_13.0_Pixel 6 Pro INFO ] 2023-03-09 11:22:39.421 BaseTest:224 - Error text is: Provided credentials do not match any user in this service.
[DevicesLogs/Android_13.0_Pixel 6 Pro INFO ] 2023-03-09 11:22:39.424 LoginTests:65 - 
************* End Test ******************

[DevicesLogs/Android_13.0_Pixel 6 Pro INFO ] 2023-03-09 11:22:55.128 LoginTests:42 - 
************* Start Test ******************
[DevicesLogs/Android_13.0_Pixel 6 Pro INFO ] 2023-03-09 11:22:55.128 LoginTests:43 - Test name: invalidUserPassword
[DevicesLogs/Android_13.0_Pixel 6 Pro INFO ] 2023-03-09 11:22:59.645 BaseTest:199 - Login with: bob@example.com
[DevicesLogs/Android_13.0_Pixel 6 Pro INFO ] 2023-03-09 11:23:02.264 BaseTest:199 - Password: 00000
[DevicesLogs/Android_13.0_Pixel 6 Pro INFO ] 2023-03-09 11:23:03.408 BaseTest:191 - Press login button
[DevicesLogs/Android_13.0_Pixel 6 Pro INFO ] 2023-03-09 11:23:04.294 BaseTest:224 - Error text is: Provided credentials do not match any user in this service.
[DevicesLogs/Android_13.0_Pixel 6 Pro INFO ] 2023-03-09 11:23:04.295 LoginTests:65 - 
************* End Test ******************

[DevicesLogs/Android_13.0_Pixel 6 Pro INFO ] 2023-03-09 11:23:12.116 LoginTests:42 - 
************* Start Test ******************
[DevicesLogs/Android_13.0_Pixel 6 Pro INFO ] 2023-03-09 11:23:12.116 LoginTests:43 - Test name: successfullyLogin
[DevicesLogs/Android_13.0_Pixel 6 Pro INFO ] 2023-03-09 11:23:16.006 BaseTest:224 - Title page is: Products
[DevicesLogs/Android_13.0_Pixel 6 Pro INFO ] 2023-03-09 11:23:18.716 LoginTests:65 - 
************* End Test ******************

[DevicesLogs/Android_13.0_Pixel 6 Pro INFO ] 2023-03-09 11:24:30.808 BaseTest:125 - Android appUrl is: /Users/juanquiceno/IdeaProjects/AppiumFramework/src/test/resources/apps/Android-MyDemoAppRN.1.3.0.build-244.apk
[DevicesLogs/Android_13.0_Pixel 6 Pro INFO ] 2023-03-09 11:25:20.637 LoginTests:42 - 
************* Start Test ******************
[DevicesLogs/Android_13.0_Pixel 6 Pro INFO ] 2023-03-09 11:25:20.638 LoginTests:43 - Test name: invalidUserName
[DevicesLogs/Android_13.0_Pixel 6 Pro INFO ] 2023-03-09 11:25:22.420 BaseTest:199 - Login with: invalidUserName
[DevicesLogs/Android_13.0_Pixel 6 Pro INFO ] 2023-03-09 11:25:23.735 BaseTest:199 - Password: 10203040
[DevicesLogs/Android_13.0_Pixel 6 Pro INFO ] 2023-03-09 11:25:24.901 BaseTest:191 - Press login button
[DevicesLogs/Android_13.0_Pixel 6 Pro INFO ] 2023-03-09 11:25:25.769 BaseTest:224 - Error text is: Provided credentials do not match any user in this service.
[DevicesLogs/Android_13.0_Pixel 6 Pro INFO ] 2023-03-09 11:25:25.772 LoginTests:65 - 
************* End Test ******************

[DevicesLogs/Android_13.0_Pixel 6 Pro INFO ] 2023-03-09 11:25:36.142 LoginTests:42 - 
************* Start Test ******************
[DevicesLogs/Android_13.0_Pixel 6 Pro INFO ] 2023-03-09 11:25:36.143 LoginTests:43 - Test name: invalidUserPassword
[DevicesLogs/Android_13.0_Pixel 6 Pro INFO ] 2023-03-09 11:25:36.963 BaseTest:199 - Login with: bob@example.com
[DevicesLogs/Android_13.0_Pixel 6 Pro INFO ] 2023-03-09 11:25:38.186 BaseTest:199 - Password: 00000
[DevicesLogs/Android_13.0_Pixel 6 Pro INFO ] 2023-03-09 11:25:39.352 BaseTest:191 - Press login button
[DevicesLogs/Android_13.0_Pixel 6 Pro INFO ] 2023-03-09 11:25:40.173 BaseTest:224 - Error text is: Provided credentials do not match any user in this service.
[DevicesLogs/Android_13.0_Pixel 6 Pro INFO ] 2023-03-09 11:25:40.177 LoginTests:65 - 
************* End Test ******************

[DevicesLogs/Android_13.0_Pixel 6 Pro INFO ] 2023-03-09 11:26:02.735 LoginTests:42 - 
************* Start Test ******************
[DevicesLogs/Android_13.0_Pixel 6 Pro INFO ] 2023-03-09 11:26:02.735 LoginTests:43 - Test name: successfullyLogin
[DevicesLogs/Android_13.0_Pixel 6 Pro INFO ] 2023-03-09 11:26:09.421 BaseTest:224 - Title page is: Products
[DevicesLogs/Android_13.0_Pixel 6 Pro INFO ] 2023-03-09 11:26:12.040 LoginTests:65 - 
************* End Test ******************

[DevicesLogs/Android_13.0_Pixel 6 Pro INFO ] 2023-03-09 11:27:35.771 BaseTest:125 - Android appUrl is: /Users/juanquiceno/IdeaProjects/AppiumFramework/src/test/resources/apps/Android-MyDemoAppRN.1.3.0.build-244.apk
[DevicesLogs/Android_13.0_Pixel 6 Pro INFO ] 2023-03-09 11:30:02.083 BaseTest:125 - Android appUrl is: /Users/juanquiceno/IdeaProjects/TestNGAppiumFramework/src/test/resources/apps/Android-MyDemoAppRN.1.3.0.build-244.apk
[DevicesLogs/Android_13.0_Pixel 6 Pro INFO ] 2023-03-09 11:30:36.015 LoginTests:42 - 
************* Start Test ******************
[DevicesLogs/Android_13.0_Pixel 6 Pro INFO ] 2023-03-09 11:30:36.016 LoginTests:43 - Test name: invalidUserName
[DevicesLogs/Android_13.0_Pixel 6 Pro INFO ] 2023-03-09 11:30:36.852 BaseTest:199 - Login with: invalidUserName
[DevicesLogs/Android_13.0_Pixel 6 Pro INFO ] 2023-03-09 11:30:38.108 BaseTest:199 - Password: 10203040
[DevicesLogs/Android_13.0_Pixel 6 Pro INFO ] 2023-03-09 11:30:39.269 BaseTest:191 - Press login button
[DevicesLogs/Android_13.0_Pixel 6 Pro INFO ] 2023-03-09 11:30:40.014 BaseTest:224 - Error text is: Provided credentials do not match any user in this service.
[DevicesLogs/Android_13.0_Pixel 6 Pro INFO ] 2023-03-09 11:30:40.017 LoginTests:65 - 
************* End Test ******************

[DevicesLogs/Android_13.0_Pixel 6 Pro INFO ] 2023-03-09 11:31:01.171 LoginTests:42 - 
************* Start Test ******************
[DevicesLogs/Android_13.0_Pixel 6 Pro INFO ] 2023-03-09 11:31:01.172 LoginTests:43 - Test name: invalidUserPassword
[DevicesLogs/Android_13.0_Pixel 6 Pro INFO ] 2023-03-09 11:31:03.782 BaseTest:199 - Login with: bob@example.com
[DevicesLogs/Android_13.0_Pixel 6 Pro INFO ] 2023-03-09 11:31:07.025 BaseTest:199 - Password: 00000
[DevicesLogs/Android_13.0_Pixel 6 Pro INFO ] 2023-03-09 11:31:08.831 BaseTest:191 - Press login button
[DevicesLogs/Android_13.0_Pixel 6 Pro INFO ] 2023-03-09 11:31:09.913 BaseTest:224 - Error text is: Provided credentials do not match any user in this service.
[DevicesLogs/Android_13.0_Pixel 6 Pro INFO ] 2023-03-09 11:31:09.914 LoginTests:65 - 
************* End Test ******************

[DevicesLogs/Android_13.0_Pixel 6 Pro INFO ] 2023-03-09 11:31:20.965 LoginTests:42 - 
************* Start Test ******************
[DevicesLogs/Android_13.0_Pixel 6 Pro INFO ] 2023-03-09 11:31:20.965 LoginTests:43 - Test name: successfullyLogin
[DevicesLogs/Android_13.0_Pixel 6 Pro INFO ] 2023-03-09 11:31:24.931 BaseTest:224 - Title page is: Products
[DevicesLogs/Android_13.0_Pixel 6 Pro INFO ] 2023-03-09 11:31:28.916 LoginTests:65 - 
************* End Test ******************

